<?xml version="1.0" encoding="UTF-8"?>
<testng-results ignored="0" total="1" passed="1" failed="0" skipped="0">
  <reporter-output>
  </reporter-output>
  <suite started-at="2025-07-25T20:56:46 IST" name="Suite" finished-at="2025-07-25T20:56:50 IST" duration-ms="4544">
    <groups>
    </groups>
    <test started-at="2025-07-25T20:56:46 IST" name="LoginTest" finished-at="2025-07-25T20:56:50 IST" duration-ms="4544">
      <class name="tests.LoginTest">
        <test-method is-config="true" signature="setup()[pri:0, instance:tests.LoginTest@2e3967ea]" started-at="2025-07-25T20:56:46 IST" name="setup" finished-at="2025-07-25T20:56:50 IST" duration-ms="3982" status="PASS">
          <reporter-output>
          </reporter-output>
        </test-method> <!-- setup -->
        <test-method signature="testLogin()[pri:0, instance:tests.LoginTest@2e3967ea]" started-at="2025-07-25T20:56:50 IST" name="testLogin" finished-at="2025-07-25T20:56:50 IST" duration-ms="338" status="PASS">
          <reporter-output>
          </reporter-output>
        </test-method> <!-- testLogin -->
        <test-method is-config="true" signature="teardown()[pri:0, instance:tests.LoginTest@2e3967ea]" started-at="2025-07-25T20:56:50 IST" name="teardown" finished-at="2025-07-25T20:56:50 IST" duration-ms="196" status="PASS">
          <reporter-output>
          </reporter-output>
        </test-method> <!-- teardown -->
      </class> <!-- tests.LoginTest -->
    </test> <!-- LoginTest -->
  </suite> <!-- Suite -->
</testng-results>
